[INFO] Scanning for projects...
[WARNING] 
[WARNING] Some problems were encountered while building the effective model for de.unistuttgart.stayinsync:core-sync-node:jar:1.0.0-SNAPSHOT
[WARNING] 'dependencies.dependency.(groupId:artifactId:type:classifier)' must be unique: io.quarkus:quarkus-micrometer-registry-prometheus:jar -> duplicate declaration of version (?) @ line 137, column 21
[WARNING] 'dependencies.dependency.(groupId:artifactId:type:classifier)' must be unique: io.smallrye.reactive:smallrye-mutiny-vertx-web-client:jar -> version 3.19.1 vs (?) @ line 158, column 21
[WARNING] 
[WARNING] Some problems were encountered while building the effective model for de.unistuttgart:core-polling-node:jar:1.0.0-SNAPSHOT
[WARNING] 'dependencies.dependency.(groupId:artifactId:type:classifier)' must be unique: io.quarkus:quarkus-container-image-docker:jar -> duplicate declaration of version (?) @ line 115, column 21
[WARNING] 
[WARNING] It is highly recommended to fix these problems because they threaten the stability of your build.
[WARNING] 
[WARNING] For this reason, future Maven versions might no longer support building such malformed projects.
[WARNING] 
[INFO] 
[INFO] -------------< de.unistuttgart.stayinsync:core-management >-------------
[INFO] Building core-management 1.0.0-SNAPSHOT
[INFO]   from pom.xml
[INFO] --------------------------------[ jar ]---------------------------------
[INFO] 
[INFO] --- quarkus:3.21.4:dev (default-cli) @ core-management ---
[INFO] Invoking resources:3.3.1:resources (default-resources) @ core-management
[INFO] Copying 3 resources from src/main/resources to target/classes
[INFO] Invoking quarkus:3.21.4:generate-code (default) @ core-management
[INFO] Invoking compiler:3.14.0:compile (default-compile) @ core-management
[INFO] Recompiling the module because of changed source code.
[INFO] Compiling 167 source files with javac [debug parameters release 21] to target/classes
[WARNING] /Users/yasintuzen/StuPro/stay-in-sync-core/core-management/src/main/java/de/unistuttgart/stayinsync/core/configuration/mapping/ApiHeaderValueMapper.java:[31,23] Unmapped target properties: "headerValue, headerName".
[WARNING] /Users/yasintuzen/StuPro/stay-in-sync-core/core-management/src/main/java/de/unistuttgart/stayinsync/core/configuration/mapping/SourceSystemFullUpdateMapper.java:[24,18] Unmapped target properties: "syncSystemEndpoints, authConfig".
[WARNING] /Users/yasintuzen/StuPro/stay-in-sync-core/core-management/src/main/java/de/unistuttgart/stayinsync/core/configuration/mapping/SourceSystemFullUpdateMapper.java:[30,18] Unmapped target properties: "syncSystemEndpoints, sourceSystemEndpoints".
[WARNING] /Users/yasintuzen/StuPro/stay-in-sync-core/core-management/src/main/java/de/unistuttgart/stayinsync/core/configuration/mapping/SyncJobFullUpdateMapper.java:[31,23] Unmapped target property: "deployed".
[WARNING] /Users/yasintuzen/StuPro/stay-in-sync-core/core-management/src/main/java/de/unistuttgart/stayinsync/core/configuration/mapping/SyncJobFullUpdateMapper.java:[37,13] Unmapped target properties: "transformation, description, graphStatus, validationErrorsJson, graph". Mapping from property "SyncJobTransformationRuleDTO transformations[].transformationRule" to "TransformationRule transformations[].transformationRule".
[WARNING] /Users/yasintuzen/StuPro/stay-in-sync-core/core-management/src/main/java/de/unistuttgart/stayinsync/core/configuration/mapping/SyncJobFullUpdateMapper.java:[37,13] Unmapped target properties: "description, syncJob, transformationScript, workerHostName, sourceSystemApiRequestConfigurations, sourceSystemVariables, targetSystemApiRequestConfigurations". Mapping from Collection element "SyncJobTransformationDTO transformations" to "Transformation transformations".
[WARNING] /Users/yasintuzen/StuPro/stay-in-sync-core/core-management/src/main/java/de/unistuttgart/stayinsync/core/configuration/mapping/SyncJobFullUpdateMapper.java:[41,13] Unmapped target properties: "syncNodeIdentifier, transformations".
[WARNING] /Users/yasintuzen/StuPro/stay-in-sync-core/core-management/src/main/java/de/unistuttgart/stayinsync/core/configuration/mapping/targetsystem/RequestConfigurationMapper.java:[29,41] Unmapped target properties: "active, transformations".
[WARNING] /Users/yasintuzen/StuPro/stay-in-sync-core/core-management/src/main/java/de/unistuttgart/stayinsync/core/configuration/mapping/targetsystem/RequestConfigurationMapper.java:[54,36] Unmapped target properties: "httpMethod, path". Mapping from Collection element "TargetSystemApiRequestConfigurationAction actions" to "ActionMessageDTO actions".
[WARNING] /Users/yasintuzen/StuPro/stay-in-sync-core/core-management/src/main/java/de/unistuttgart/stayinsync/core/configuration/mapping/targetsystem/RequestConfigurationMapper.java:[54,36] Unmapped target property: "baseUrl".
[WARNING] /Users/yasintuzen/StuPro/stay-in-sync-core/core-management/src/main/java/de/unistuttgart/stayinsync/core/configuration/mapping/targetsystem/TargetSystemMapper.java:[16,18] Unmapped target properties: "syncSystemEndpoints, authConfig".
[WARNING] /Users/yasintuzen/StuPro/stay-in-sync-core/core-management/src/main/java/de/unistuttgart/stayinsync/core/configuration/mapping/targetsystem/TargetSystemMapper.java:[20,21] Unmapped target property: "targetSystemEndpointIds".
[WARNING] /Users/yasintuzen/StuPro/stay-in-sync-core/core-management/src/main/java/de/unistuttgart/stayinsync/core/configuration/mapping/targetsystem/TargetSystemMapper.java:[25,10] Unmapped target properties: "syncSystemEndpoints, authConfig".
[WARNING] /Users/yasintuzen/StuPro/stay-in-sync-core/core-management/src/main/java/de/unistuttgart/stayinsync/core/configuration/mapping/SourceSystemEndpointFullUpdateMapper.java:[37,26] Unmapped target properties: "jsonSchema, description, queryParams, apiRequestConfiguration, syncSystem, sourceSystem, apiRequestConfigurations, sourceSystemVariable".
[WARNING] /Users/yasintuzen/StuPro/stay-in-sync-core/core-management/src/main/java/de/unistuttgart/stayinsync/core/configuration/mapping/SourceSystemEndpointFullUpdateMapper.java:[43,26] Unmapped target properties: "id, jsonSchema, responseDts, description, queryParams, apiRequestConfiguration, syncSystem, sourceSystem, apiRequestConfigurations, sourceSystemVariable".
[WARNING] /Users/yasintuzen/StuPro/stay-in-sync-core/core-management/src/main/java/de/unistuttgart/stayinsync/core/configuration/mapping/TransformationMapper.java:[63,10] Unmapped target properties: "deploymentStatus, workerHostName, sourceSystemApiRequestConfigurations, targetSystemApiRequestConfigurations".
[WARNING] /Users/yasintuzen/StuPro/stay-in-sync-core/core-management/src/main/java/de/unistuttgart/stayinsync/core/configuration/mapping/TargetSystemEndpointFullUpdateMapper.java:[25,26] Unmapped target properties: "queryParams, apiRequestConfiguration, syncSystem, apiQueryParams, apiRequestHeaders, targetSystemVariable, targetSystem, asset".
[WARNING] /Users/yasintuzen/StuPro/stay-in-sync-core/core-management/src/main/java/de/unistuttgart/stayinsync/core/configuration/mapping/TargetSystemEndpointFullUpdateMapper.java:[29,26] Unmapped target properties: "id, jsonSchema, responseDts, description, queryParams, apiRequestConfiguration, syncSystem, apiQueryParams, apiRequestHeaders, targetSystemVariable, targetSystem, asset".
[WARNING] /Users/yasintuzen/StuPro/stay-in-sync-core/core-management/src/main/java/de/unistuttgart/stayinsync/core/configuration/mapping/SourceSystemApiRequestConfigurationFullUpdateMapper.java:[20,35] Unmapped target property: "name".
[WARNING] /Users/yasintuzen/StuPro/stay-in-sync-core/core-management/src/main/java/de/unistuttgart/stayinsync/core/configuration/mapping/SourceSystemApiRequestConfigurationFullUpdateMapper.java:[33,41] Unmapped target properties: "id, alias, syncSystemEndpoint, queryParameterValues, apiRequestHeaders, transformations, sourceSystem, sourceSystemEndpoint, responseDts, deploymentStatus, workerPodName, responseIsArray".
[WARNING] /Users/yasintuzen/StuPro/stay-in-sync-core/core-management/src/main/java/de/unistuttgart/stayinsync/core/configuration/mapping/SourceSystemApiRequestConfigurationFullUpdateMapper.java:[38,32] Unmapped target properties: "headerType, headerName, values". Mapping from Collection element "ApiHeaderValue apiRequestHeaders" to "ApiHeaderDTO apiRequestHeaders".
[WARNING] /Users/yasintuzen/StuPro/stay-in-sync-core/core-management/src/main/java/de/unistuttgart/stayinsync/core/configuration/mapping/SourceSystemApiRequestConfigurationFullUpdateMapper.java:[38,32] Unmapped target property: "apiRequestParameters".
[WARNING] /Users/yasintuzen/StuPro/stay-in-sync-core/core-management/src/main/java/de/unistuttgart/stayinsync/core/configuration/mapping/SourceSystemApiRequestConfigurationFullUpdateMapper.java:[52,41] Unmapped target properties: "deploymentStatus, workerPodName, responseIsArray".
[WARNING] /Users/yasintuzen/StuPro/stay-in-sync-core/core-management/src/main/java/de/unistuttgart/stayinsync/core/configuration/mapping/SourceSystemApiRequestConfigurationFullUpdateMapper.java:[60,29] Unmapped target properties: "headerName, headerValue". Mapping from Collection element "ApiHeaderValue apiRequestHeaders" to "ApiRequestHeaderMessageDTO requestHeader".
[WARNING] /Users/yasintuzen/StuPro/stay-in-sync-core/core-management/src/main/java/de/unistuttgart/stayinsync/core/configuration/mapping/SourceSystemApiRequestConfigurationFullUpdateMapper.java:[60,29] Unmapped target property: "authDetails". Mapping from property "SourceSystem sourceSystem" to "SourceSystemMessageDTO sourceSystem".
[WARNING] /Users/yasintuzen/StuPro/stay-in-sync-core/core-management/src/main/java/de/unistuttgart/stayinsync/core/configuration/mapping/TransformationScriptMapper.java:[13,29] Unmapped target properties: "requiredArcAliases, targetArcIds".
[WARNING] /Users/yasintuzen/StuPro/stay-in-sync-core/core-management/src/main/java/de/unistuttgart/stayinsync/core/configuration/mapping/TransformationScriptMapper.java:[15,26] Unmapped target properties: "hash, generatedSdkCode, generatedSdkHash, transformation".
[WARNING] /Users/yasintuzen/StuPro/stay-in-sync-core/core-management/src/main/java/de/unistuttgart/stayinsync/core/configuration/mapping/ApiEndpointQueryParamValueMapper.java:[31,41] Unmapped target properties: "queryParamId, paramName, paramValue". Mapping from Collection element "ApiEndpointQueryParamValue apiEndpointQueryParamValue" to "ApiEndpointQueryParamValueDTO apiEndpointQueryParamValueDTO".
[WARNING] /Users/yasintuzen/StuPro/stay-in-sync-core/core-management/src/main/java/de/unistuttgart/stayinsync/core/configuration/mapping/ApiHeaderFullUpdateMapper.java:[27,15] Unmapped target properties: "id, values, syncSystem".
[INFO] /Users/yasintuzen/StuPro/stay-in-sync-core/core-management/src/main/java/de/unistuttgart/stayinsync/core/configuration/rest/dtos/TypeScriptGenerationResponse.java: /Users/yasintuzen/StuPro/stay-in-sync-core/core-management/src/main/java/de/unistuttgart/stayinsync/core/configuration/rest/dtos/TypeScriptGenerationResponse.java uses or overrides a deprecated API.
[INFO] /Users/yasintuzen/StuPro/stay-in-sync-core/core-management/src/main/java/de/unistuttgart/stayinsync/core/configuration/rest/dtos/TypeScriptGenerationResponse.java: Recompile with -Xlint:deprecation for details.
[INFO] Invoking resources:3.3.1:testResources (default-testResources) @ core-management
[INFO] Copying 3 resources from src/test/resources to target/test-classes
[INFO] Invoking quarkus:3.21.4:generate-code-tests (default) @ core-management
[INFO] Invoking compiler:3.14.0:testCompile (default-testCompile) @ core-management
[INFO] Recompiling the module because of changed dependency.
[INFO] Compiling 22 source files with javac [debug parameters release 21] to target/test-classes
[INFO] /Users/yasintuzen/StuPro/stay-in-sync-core/core-management/src/test/java/de/unistuttgart/stayinsync/core/configuration/service/aas/AasStructureSnapshotServiceAttachTest.java: /Users/yasintuzen/StuPro/stay-in-sync-core/core-management/src/test/java/de/unistuttgart/stayinsync/core/configuration/service/aas/AasStructureSnapshotServiceAttachTest.java uses unchecked or unsafe operations.
[INFO] /Users/yasintuzen/StuPro/stay-in-sync-core/core-management/src/test/java/de/unistuttgart/stayinsync/core/configuration/service/aas/AasStructureSnapshotServiceAttachTest.java: Recompile with -Xlint:unchecked for details.
Listening for transport dt_socket at address: 5005
Press [e] to edit command line args (currently ''), [h] for more options>
Tests paused
Press [e] to edit command line args (currently ''), [r] to resume testing, [h] for more options>
Press [e] to edit command line args (currently ''), [r] to resume testing, [o] Toggle test output, [h] for more options>
2025-09-29 15:09:21,938 INFO  [io.qua.qui.dep.fra.FrameworkType] (build-54) Quinoa detected 'ANGULAR' frameworkType from package.json file.
2025-09-29 15:09:22,096 INFO  [io.qua.qui.dep.pac.PackageManagerRunner] (build-41) Running Quinoa package manager live coding as a dev service: npm run start -- --disable-host-check --hmr
2025-09-29 15:09:22,262 INFO  [io.qua.kub.dep.PropertyUtil] (build-6) Kubernetes manifests are generated with 'The container port http' having provided value '8090'. The app and manifests will get out of sync if the property 'quarkus.http.port' is changed at runtime.

> configurator-ui@0.0.0 start
> ng serve --disable-host-check --hmr

Warning: Running a server with --disable-host-check is a security risk. See https://medium.com/webpack/webpack-dev-server-middleware-security-issues-1489d950874a for more information.
The "disableHostCheck" option will not be used because it is not supported by the "@angular-devkit/build-angular:application" builder.
Component HMR has been enabled.
If you encounter application reload issues, you can manually reload the page to bypass HMR and/or disable this feature with the `--no-hmr` command line option.
Please consider reporting any issues you encounter here: https://github.com/angular/angular-cli/issues

❯ Building...
✔ Building...
Initial chunk files | Names         | Raw size
main.js             | main          |  1.76 MB | 
polyfills.js        | polyfills     | 90.20 kB | 
styles.css          | styles        | 17.18 kB | 

                    | Initial total |  1.86 MB

Application bundle generation complete. [4.707 seconds]

▲ [WARNING] TS-998113: Skeleton is not used within the template of SyncJobDetailsPageComponent [plugin angular-compiler]

    src/app/features/sync-job/components/sync-job-details-page/sync-job-details-page.component.ts:24:4:
      24 │     Skeleton
         ╵     ~~~~~~~~


▲ [WARNING] TS-998113: Dialog is not used within the template of TransformationAddSyncJobComponent [plugin angular-compiler]

    src/app/features/transformation/components/transformation-add-sync-job/transformation-add-sync-job.component.ts:28:4:
      28 │     Dialog,
         ╵     ~~~~~~


▲ [WARNING] TS-998113: NgIf is not used within the template of TransformationAddSyncJobComponent [plugin angular-compiler]

    src/app/features/transformation/components/transformation-add-sync-job/transformation-add-sync-job.component.ts:31:4:
      31 │     NgIf,
         ╵     ~~~~


▲ [WARNING] TS-998113: NgIf is not used within the template of TransformationBySyncJobTableComponent [plugin angular-compiler]

    src/app/features/transformation/components/transformation-by-sync-job-table/transformation-by-sync-job-table.component.ts:40:4:
      40 │     NgIf,
         ╵     ~~~~


Watch mode enabled. Watching for file changes...
NOTE: Raw file sizes do not reflect development server per-request transformations.
  ➜  Local:   http://localhost:4200/
2025-09-29 15:09:28,719 INFO  [io.qua.qui.dep.ForwardedDevProcessor] (build-41) Quinoa package manager live coding is up and running on port: 4200 (in 6623ms)
2025-09-29 15:09:28,720 INFO  [io.qua.qui.dep.ForwardedDevProcessor] (build-12) Quinoa is forwarding unhandled requests to port: 4200
__  ____  __  _____   ___  __ ____  ______ 
 --/ __ \/ / / / _ | / _ \/ //_/ / / / __/ 
 -/ /_/ / /_/ / __ |/ , _/ ,< / /_/ /\ \   
--\___\_\____/_/ |_/_/|_/_/|_|\____/___/   
2025-09-29 15:09:29,829 WARN  [io.qua.config] (Quarkus Main Thread) Unrecognized configuration key "quarkus.kubernetes.ingress.path" was provided; it will be ignored; verify that the dependency extension for this configuration is set or that you did not make a typo
2025-09-29 15:09:35,857 INFO  [de.uni.sta.cor.man.rab.pro.PollingJobMessageProducer] (Quarkus Main Thread) Opening rabbitMQ channel
2025-09-29 15:09:35,893 INFO  [de.uni.sta.cor.man.rab.con.DeploymentFeedbackConsumer] (Quarkus Main Thread) Opening rabbitMQ channel
2025-09-29 15:09:35,904 INFO  [de.uni.sta.cor.man.rab.con.DeadLetterConsumer] (Quarkus Main Thread) Opening rabbitMQ channel
2025-09-29 15:09:35,915 INFO  [de.uni.sta.cor.man.rab.pro.TransformationJobMessageProducer] (Quarkus Main Thread) Opening rabbitMQ channel
2025-09-29 15:09:35,959 INFO  [io.quarkus] (Quarkus Main Thread) core-management 1.0.0-SNAPSHOT on JVM (powered by Quarkus 3.21.4) started in 14.699s. Listening on: http://localhost:8090
2025-09-29 15:09:35,959 INFO  [io.quarkus] (Quarkus Main Thread) Profile dev activated. Live Coding activated.
2025-09-29 15:09:35,959 INFO  [io.quarkus] (Quarkus Main Thread) Installed features: [agroal, cache, cdi, hibernate-orm, hibernate-orm-panache, hibernate-validator, jdbc-mariadb, kubernetes, messaging, micrometer, narayana-jta, quinoa, rabbitmq-client, rest, rest-jackson, smallrye-context-propagation, smallrye-health, smallrye-openapi, swagger-ui, vertx]
Debugger failed to attach: handshake failed - connection prematurally closed
[INFO] ------------------------------------------------------------------------
[INFO] BUILD FAILURE
[INFO] ------------------------------------------------------------------------
[INFO] Total time:  02:37 min
[INFO] Finished at: 2025-09-29T15:11:52+02:00
[INFO] ------------------------------------------------------------------------
[ERROR] Failed to execute goal io.quarkus.platform:quarkus-maven-plugin:3.21.4:dev (default-cli) on project core-management: Failed to run: Dev mode process did not complete successfully -> [Help 1]
[ERROR] 
[ERROR] To see the full stack trace of the errors, re-run Maven with the -e switch.
[ERROR] Re-run Maven using the -X switch to enable full debug logging.
[ERROR] 
[ERROR] For more information about the errors and possible solutions, please read the following articles:
[ERROR] [Help 1] http://cwiki.apache.org/confluence/display/MAVEN/MojoFailureException
